# JRE version: Java(TM) SE Runtime Environment (8.0_144-b01) (build 1.8.0_144-b01)
# Java VM: Java HotSpot(TM) 64-Bit Server VM (25.144-b01 mixed mode bsd-amd64 compressed oops)
Heap:
 PSYoungGen      total 313856K, used 67535K [0x00000007aab00000, 0x00000007c0000000, 0x00000007c0000000)
  eden space 277504K, 23% used [0x00000007aab00000,0x00000007aea83d28,0x00000007bba00000)
  from space 36352K, 6% used [0x00000007bdc80000,0x00000007bdef0000,0x00000007c0000000)
  to   space 35328K, 0% used [0x00000007bba00000,0x00000007bba00000,0x00000007bdc80000)
 ParOldGen       total 699392K, used 211345K [0x0000000780000000, 0x00000007aab00000, 0x00000007aab00000)
  object space 699392K, 30% used [0x0000000780000000,0x000000078ce64488,0x00000007aab00000)
 Metaspace       used 173578K, capacity 196338K, committed 214400K, reserved 1234944K
  class space    used 22906K, capacity 24468K, committed 28032K, reserved 1048576K
GC Heap History (10 events):
Event: 13460.470 GC heap before
{Heap before GC invocations=1484 (full 452):
 PSYoungGen      total 308736K, used 41676K [0x00000007aab00000, 0x00000007c0000000, 0x00000007c0000000)
  eden space 269312K, 14% used [0x00000007aab00000,0x00000007ad10b068,0x00000007bb200000)
  from space 39424K, 6% used [0x00000007bb200000,0x00000007bb4a8000,0x00000007bd880000)
  to   space 38400K, 0% used [0x00000007bda80000,0x00000007bda80000,0x00000007c0000000)
 ParOldGen       total 699392K, used 210967K [0x0000000780000000, 0x00000007aab00000, 0x00000007aab00000)
  object space 699392K, 30% used [0x0000000780000000,0x000000078ce05dc8,0x00000007aab00000)
 Metaspace       used 173576K, capacity 196332K, committed 214400K, reserved 1234944K
  class space    used 22905K, capacity 24467K, committed 28032K, reserved 1048576K
Event: 13460.487 GC heap after
Heap after GC invocations=1484 (full 452):
 PSYoungGen      total 311808K, used 2624K [0x00000007aab00000, 0x00000007c0000000, 0x00000007c0000000)
  eden space 273408K, 0% used [0x00000007aab00000,0x00000007aab00000,0x00000007bb600000)
  from space 38400K, 6% used [0x00000007bda80000,0x00000007bdd10000,0x00000007c0000000)
  to   space 37376K, 0% used [0x00000007bb600000,0x00000007bb600000,0x00000007bda80000)
 ParOldGen       total 699392K, used 210967K [0x0000000780000000, 0x00000007aab00000, 0x00000007aab00000)
  object space 699392K, 30% used [0x0000000780000000,0x000000078ce05dc8,0x00000007aab00000)
 Metaspace       used 173576K, capacity 196332K, committed 214400K, reserved 1234944K
  class space    used 22905K, capacity 24467K, committed 28032K, reserved 1048576K
}
Event: 13460.487 GC heap before
{Heap before GC invocations=1485 (full 453):
 PSYoungGen      total 311808K, used 2624K [0x00000007aab00000, 0x00000007c0000000, 0x00000007c0000000)
  eden space 273408K, 0% used [0x00000007aab00000,0x00000007aab00000,0x00000007bb600000)
  from space 38400K, 6% used [0x00000007bda80000,0x00000007bdd10000,0x00000007c0000000)
  to   space 37376K, 0% used [0x00000007bb600000,0x00000007bb600000,0x00000007bda80000)
 ParOldGen       total 699392K, used 210967K [0x0000000780000000, 0x00000007aab00000, 0x00000007aab00000)
  object space 699392K, 30% used [0x0000000780000000,0x000000078ce05dc8,0x00000007aab00000)
 Metaspace       used 173576K, capacity 196332K, committed 214400K, reserved 1234944K
  class space    used 22905K, capacity 24467K, committed 28032K, reserved 1048576K
Event: 13460.922 GC heap after
Heap after GC invocations=1485 (full 453):
 PSYoungGen      total 311808K, used 0K [0x00000007aab00000, 0x00000007c0000000, 0x00000007c0000000)
  eden space 273408K, 0% used [0x00000007aab00000,0x00000007aab00000,0x00000007bb600000)
  from space 38400K, 0% used [0x00000007bda80000,0x00000007bda80000,0x00000007c0000000)
  to   space 37376K, 0% used [0x00000007bb600000,0x00000007bb600000,0x00000007bda80000)
 ParOldGen       total 699392K, used 211366K [0x0000000780000000, 0x00000007aab00000, 0x00000007aab00000)
  object space 699392K, 30% used [0x0000000780000000,0x000000078ce69850,0x00000007aab00000)
 Metaspace       used 173576K, capacity 196332K, committed 214400K, reserved 1234944K
  class space    used 22905K, capacity 24467K, committed 28032K, reserved 1048576K
}
Event: 13460.922 GC heap before
{Heap before GC invocations=1486 (full 453):
 PSYoungGen      total 311808K, used 618K [0x00000007aab00000, 0x00000007c0000000, 0x00000007c0000000)
  eden space 273408K, 0% used [0x00000007aab00000,0x00000007aab9abe0,0x00000007bb600000)
  from space 38400K, 0% used [0x00000007bda80000,0x00000007bda80000,0x00000007c0000000)
  to   space 37376K, 0% used [0x00000007bb600000,0x00000007bb600000,0x00000007bda80000)
 ParOldGen       total 699392K, used 211366K [0x0000000780000000, 0x00000007aab00000, 0x00000007aab00000)
  object space 699392K, 30% used [0x0000000780000000,0x000000078ce69850,0x00000007aab00000)
 Metaspace       used 173576K, capacity 196332K, committed 214400K, reserved 1234944K
  class space    used 22905K, capacity 24467K, committed 28032K, reserved 1048576K
Event: 13460.927 GC heap after
Heap after GC invocations=1486 (full 453):
 PSYoungGen      total 310784K, used 96K [0x00000007aab00000, 0x00000007c0000000, 0x00000007c0000000)
  eden space 273408K, 0% used [0x00000007aab00000,0x00000007aab00000,0x00000007bb600000)
  from space 37376K, 0% used [0x00000007bb600000,0x00000007bb618000,0x00000007bda80000)
  to   space 36352K, 0% used [0x00000007bdc80000,0x00000007bdc80000,0x00000007c0000000)
 ParOldGen       total 699392K, used 211366K [0x0000000780000000, 0x00000007aab00000, 0x00000007aab00000)
  object space 699392K, 30% used [0x0000000780000000,0x000000078ce69850,0x00000007aab00000)
 Metaspace       used 173576K, capacity 196332K, committed 214400K, reserved 1234944K
  class space    used 22905K, capacity 24467K, committed 28032K, reserved 1048576K
}
Event: 13460.927 GC heap before
{Heap before GC invocations=1487 (full 454):
 PSYoungGen      total 310784K, used 96K [0x00000007aab00000, 0x00000007c0000000, 0x00000007c0000000)
  eden space 273408K, 0% used [0x00000007aab00000,0x00000007aab00000,0x00000007bb600000)
  from space 37376K, 0% used [0x00000007bb600000,0x00000007bb618000,0x00000007bda80000)
  to   space 36352K, 0% used [0x00000007bdc80000,0x00000007bdc80000,0x00000007c0000000)
 ParOldGen       total 699392K, used 211366K [0x0000000780000000, 0x00000007aab00000, 0x00000007aab00000)
  object space 699392K, 30% used [0x0000000780000000,0x000000078ce69850,0x00000007aab00000)
 Metaspace       used 173576K, capacity 196332K, committed 214400K, reserved 1234944K
  class space    used 22905K, capacity 24467K, committed 28032K, reserved 1048576K
Event: 13461.213 GC heap after
Heap after GC invocations=1487 (full 454):
 PSYoungGen      total 310784K, used 0K [0x00000007aab00000, 0x00000007c0000000, 0x00000007c0000000)
  eden space 273408K, 0% used [0x00000007aab00000,0x00000007aab00000,0x00000007bb600000)
  from space 37376K, 0% used [0x00000007bb600000,0x00000007bb600000,0x00000007bda80000)
  to   space 36352K, 0% used [0x00000007bdc80000,0x00000007bdc80000,0x00000007c0000000)
 ParOldGen       total 699392K, used 211345K [0x0000000780000000, 0x00000007aab00000, 0x00000007aab00000)
  object space 699392K, 30% used [0x0000000780000000,0x000000078ce64488,0x00000007aab00000)
 Metaspace       used 173576K, capacity 196332K, committed 214400K, reserved 1234944K
  class space    used 22905K, capacity 24467K, committed 28032K, reserved 1048576K
}
Event: 13478.720 GC heap before
{Heap before GC invocations=1488 (full 454):
 PSYoungGen      total 310784K, used 273408K [0x00000007aab00000, 0x00000007c0000000, 0x00000007c0000000)
  eden space 273408K, 100% used [0x00000007aab00000,0x00000007bb600000,0x00000007bb600000)
  from space 37376K, 0% used [0x00000007bb600000,0x00000007bb600000,0x00000007bda80000)
  to   space 36352K, 0% used [0x00000007bdc80000,0x00000007bdc80000,0x00000007c0000000)
 ParOldGen       total 699392K, used 211345K [0x0000000780000000, 0x00000007aab00000, 0x00000007aab00000)
  object space 699392K, 30% used [0x0000000780000000,0x000000078ce64488,0x00000007aab00000)
 Metaspace       used 173576K, capacity 196332K, committed 214400K, reserved 1234944K
  class space    used 22905K, capacity 24467K, committed 28032K, reserved 1048576K
Event: 13478.738 GC heap after
Heap after GC invocations=1488 (full 454):
 PSYoungGen      total 313856K, used 2496K [0x00000007aab00000, 0x00000007c0000000, 0x00000007c0000000)
  eden space 277504K, 0% used [0x00000007aab00000,0x00000007aab00000,0x00000007bba00000)
  from space 36352K, 6% used [0x00000007bdc80000,0x00000007bdef0000,0x00000007c0000000)
  to   space 35328K, 0% used [0x00000007bba00000,0x00000007bba00000,0x00000007bdc80000)
 ParOldGen       total 699392K, used 211345K [0x0000000780000000, 0x00000007aab00000, 0x00000007aab00000)
  object space 699392K, 30% used [0x0000000780000000,0x000000078ce64488,0x00000007aab00000)
 Metaspace       used 173576K, capacity 196332K, committed 214400K, reserved 1234944K
  class space    used 22905K, capacity 24467K, committed 28032K, reserved 1048576K
}

